[INFO] Scanning for projects...
[INFO] 
[INFO] -----------------------< com.securechat:backend >-----------------------
[INFO] Building backend 0.0.1-SNAPSHOT
[INFO]   from pom.xml
[INFO] --------------------------------[ jar ]---------------------------------
[INFO] 
[INFO] >>> spring-boot:3.4.1:run (default-cli) > test-compile @ backend >>>
[INFO] 
[INFO] --- resources:3.3.1:resources (default-resources) @ backend ---
[INFO] Copying 1 resource from src\main\resources to target\classes
[INFO] Copying 0 resource from src\main\resources to target\classes
[INFO] 
[INFO] --- compiler:3.13.0:compile (default-compile) @ backend ---
[INFO] Recompiling the module because of changed source code.
[INFO] Compiling 45 source files with javac [debug parameters release 17] to target\classes
[INFO] /X:/s_chat/backend/src/main/java/com/securechat/backend/controller/AuthController.java: X:\s_chat\backend\src\main\java\com\securechat\backend\controller\AuthController.java uses unchecked or unsafe operations.
[INFO] /X:/s_chat/backend/src/main/java/com/securechat/backend/controller/AuthController.java: Recompile with -Xlint:unchecked for details.
[INFO] 
[INFO] --- resources:3.3.1:testResources (default-testResources) @ backend ---
[INFO] skip non existing resourceDirectory X:\s_chat\backend\src\test\resources
[INFO] 
[INFO] --- compiler:3.13.0:testCompile (default-testCompile) @ backend ---
[INFO] Recompiling the module because of changed dependency.
[INFO] Compiling 1 source file with javac [debug parameters release 17] to target\test-classes
[INFO] 
[INFO] <<< spring-boot:3.4.1:run (default-cli) < test-compile @ backend <<<
[INFO] 
[INFO] 
[INFO] --- spring-boot:3.4.1:run (default-cli) @ backend ---
[INFO] Attaching agents: []

  .   ____          _            __ _ _
 /\\ / ___'_ __ _ _(_)_ __  __ _ \ \ \ \
( ( )\___ | '_ | '_| | '_ \/ _` | \ \ \ \
 \\/  ___)| |_)| | | | | || (_| |  ) ) ) )
  '  |____| .__|_| |_|_| |_\__, | / / / /
 =========|_|==============|___/=/_/_/_/

 :: Spring Boot ::                (v3.4.1)

2026-03-25T01:52:16.099+05:30  INFO 8848 --- [backend] [           main] c.securechat.backend.BackendApplication  : Starting BackendApplication using Java 17.0.18 with PID 8848 (X:\s_chat\backend\target\classes started by Bhuvanesh in X:\s_chat\backend)
2026-03-25T01:52:16.104+05:30  INFO 8848 --- [backend] [           main] c.securechat.backend.BackendApplication  : No active profile set, falling back to 1 default profile: "default"
2026-03-25T01:52:17.044+05:30  INFO 8848 --- [backend] [           main] .s.d.r.c.RepositoryConfigurationDelegate : Bootstrapping Spring Data JPA repositories in DEFAULT mode.
2026-03-25T01:52:17.132+05:30  INFO 8848 --- [backend] [           main] .s.d.r.c.RepositoryConfigurationDelegate : Finished Spring Data repository scanning in 77 ms. Found 5 JPA repository interfaces.
2026-03-25T01:52:17.885+05:30  INFO 8848 --- [backend] [           main] o.s.b.w.embedded.tomcat.TomcatWebServer  : Tomcat initialized with port 8080 (http)
2026-03-25T01:52:17.904+05:30  INFO 8848 --- [backend] [           main] o.apache.catalina.core.StandardService   : Starting service [Tomcat]
2026-03-25T01:52:17.904+05:30  INFO 8848 --- [backend] [           main] o.apache.catalina.core.StandardEngine    : Starting Servlet engine: [Apache Tomcat/10.1.34]
2026-03-25T01:52:17.994+05:30  INFO 8848 --- [backend] [           main] o.a.c.c.C.[Tomcat].[localhost].[/]       : Initializing Spring embedded WebApplicationContext
2026-03-25T01:52:17.996+05:30  INFO 8848 --- [backend] [           main] w.s.c.ServletWebServerApplicationContext : Root WebApplicationContext: initialization completed in 1830 ms
2026-03-25T01:52:18.154+05:30  INFO 8848 --- [backend] [           main] o.hibernate.jpa.internal.util.LogHelper  : HHH000204: Processing PersistenceUnitInfo [name: default]
2026-03-25T01:52:18.252+05:30  INFO 8848 --- [backend] [           main] org.hibernate.Version                    : HHH000412: Hibernate ORM core version 6.6.4.Final
2026-03-25T01:52:18.299+05:30  INFO 8848 --- [backend] [           main] o.h.c.internal.RegionFactoryInitiator    : HHH000026: Second-level cache disabled
2026-03-25T01:52:18.694+05:30  INFO 8848 --- [backend] [           main] o.s.o.j.p.SpringPersistenceUnitInfo      : No LoadTimeWeaver setup: ignoring JPA class transformer
2026-03-25T01:52:18.745+05:30  INFO 8848 --- [backend] [           main] com.zaxxer.hikari.HikariDataSource       : HikariPool-1 - Starting...
2026-03-25T01:52:19.002+05:30  INFO 8848 --- [backend] [           main] com.zaxxer.hikari.pool.HikariPool        : HikariPool-1 - Added connection com.mysql.cj.jdbc.ConnectionImpl@55053f81
2026-03-25T01:52:19.005+05:30  INFO 8848 --- [backend] [           main] com.zaxxer.hikari.HikariDataSource       : HikariPool-1 - Start completed.
2026-03-25T01:52:19.098+05:30  WARN 8848 --- [backend] [           main] org.hibernate.orm.deprecation            : HHH90000025: MySQLDialect does not need to be specified explicitly using 'hibernate.dialect' (remove the property setting and it will be selected by default)
2026-03-25T01:52:19.127+05:30  INFO 8848 --- [backend] [           main] org.hibernate.orm.connections.pooling    : HHH10001005: Database info:
	Database JDBC URL [Connecting through datasource 'HikariDataSource (HikariPool-1)']
	Database driver: undefined/unknown
	Database version: 8.0.45
	Autocommit mode: undefined/unknown
	Isolation level: undefined/unknown
	Minimum pool size: undefined/unknown
	Maximum pool size: undefined/unknown
2026-03-25T01:52:20.357+05:30  INFO 8848 --- [backend] [           main] o.h.e.t.j.p.i.JtaPlatformInitiator       : HHH000489: No JTA platform available (set 'hibernate.transaction.jta.platform' to enable JTA platform integration)
2026-03-25T01:52:20.534+05:30  INFO 8848 --- [backend] [           main] j.LocalContainerEntityManagerFactoryBean : Initialized JPA EntityManagerFactory for persistence unit 'default'
2026-03-25T01:52:21.165+05:30  INFO 8848 --- [backend] [           main] o.s.d.j.r.query.QueryEnhancerFactory     : Hibernate is in classpath; If applicable, HQL parser will be used.
2026-03-25T01:52:22.258+05:30  INFO 8848 --- [backend] [           main] eAuthenticationProviderManagerConfigurer : Global AuthenticationManager configured with AuthenticationProvider bean with name authenticationProvider
2026-03-25T01:52:22.258+05:30  WARN 8848 --- [backend] [           main] r$InitializeUserDetailsManagerConfigurer : Global AuthenticationManager configured with an AuthenticationProvider bean. UserDetailsService beans will not be used by Spring Security for automatically configuring username/password login. Consider removing the AuthenticationProvider bean. Alternatively, consider using the UserDetailsService in a manually instantiated DaoAuthenticationProvider. If the current configuration is intentional, to turn off this warning, increase the logging level of 'org.springframework.security.config.annotation.authentication.configuration.InitializeUserDetailsBeanManagerConfigurer' to ERROR
2026-03-25T01:52:22.381+05:30  WARN 8848 --- [backend] [           main] JpaBaseConfiguration$JpaWebConfiguration : spring.jpa.open-in-view is enabled by default. Therefore, database queries may be performed during view rendering. Explicitly configure spring.jpa.open-in-view to disable this warning
2026-03-25T01:52:23.132+05:30  INFO 8848 --- [backend] [           main] o.s.b.a.h2.H2ConsoleAutoConfiguration    : H2 console available at '/h2-console'. Database available at 'jdbc:mysql://localhost:3306/myfirstapp?useSSL=false&serverTimezone=UTC&allowPublicKeyRetrieval=true&createDatabaseIfNotExist=true'
2026-03-25T01:52:23.225+05:30  INFO 8848 --- [backend] [           main] o.s.m.s.b.SimpleBrokerMessageHandler     : Starting...
2026-03-25T01:52:23.225+05:30  INFO 8848 --- [backend] [           main] o.s.m.s.b.SimpleBrokerMessageHandler     : BrokerAvailabilityEvent[available=true, SimpleBrokerMessageHandler [org.springframework.messaging.simp.broker.DefaultSubscriptionRegistry@214a7560]]
2026-03-25T01:52:23.227+05:30  INFO 8848 --- [backend] [           main] o.s.m.s.b.SimpleBrokerMessageHandler     : Started.
2026-03-25T01:52:23.266+05:30  INFO 8848 --- [backend] [           main] o.s.b.w.embedded.tomcat.TomcatWebServer  : Tomcat started on port 8080 (http) with context path '/'
2026-03-25T01:52:23.277+05:30  INFO 8848 --- [backend] [           main] c.securechat.backend.BackendApplication  : Started BackendApplication in 7.756 seconds (process running for 8.328)
2026-03-25T01:52:29.202+05:30  INFO 8848 --- [backend] [nio-8080-exec-1] o.a.c.c.C.[Tomcat].[localhost].[/]       : Initializing Spring DispatcherServlet 'dispatcherServlet'
2026-03-25T01:52:29.202+05:30  INFO 8848 --- [backend] [nio-8080-exec-1] o.s.web.servlet.DispatcherServlet        : Initializing Servlet 'dispatcherServlet'
2026-03-25T01:52:29.205+05:30  INFO 8848 --- [backend] [nio-8080-exec-1] o.s.web.servlet.DispatcherServlet        : Completed initialization in 3 ms
2026-03-25T01:52:35.288+05:30  INFO 8848 --- [backend] [nio-8080-exec-3] o.apache.tomcat.util.http.parser.Cookie  : A cookie header was received [g_state={"i_l":0,"i_ll":1774381935870,"i_e":{"enable_itp_optimization":0},"i_b":"nzrLmu8mb4IDCBesNIGF9pDGR7y6+68ySTyRTr8EePg"}] that contained an invalid cookie. That cookie will be ignored.
 Note: further occurrences of this error will be logged at DEBUG level.
2026-03-25T01:53:23.237+05:30  INFO 8848 --- [backend] [MessageBroker-7] o.s.w.s.c.WebSocketMessageBrokerStats    : WebSocketSession[8 current WS(8)-HttpStream(0)-HttpPoll(0), 12 total, 0 closed abnormally (0 connect failure, 0 send limit, 0 transport error)], stompSubProtocol[processed CONNECT(6)-CONNECTED(6)-DISCONNECT(4)], stompBrokerRelay[null], inboundChannel[pool size = 24, active threads = 0, queued tasks = 0, completed tasks = 90], outboundChannel[pool size = 24, active threads = 0, queued tasks = 0, completed tasks = 35], sockJsScheduler[pool size = 12, active threads = 1, queued tasks = 9, completed tasks = 13]
2026-03-25T01:53:39.042+05:30  INFO 8848 --- [backend] [io-8080-exec-10] o.s.w.s.m.SubProtocolWebSocketHandler    : No messages received after 63618 ms. Closing WebSocketServerSockJsSession[id=s1dfzcqc].
2026-03-25T01:58:04.580+05:30  INFO 8848 --- [backend] [nio-8080-exec-7] o.s.w.s.m.SubProtocolWebSocketHandler    : No messages received after 291918 ms. Closing WebSocketServerSockJsSession[id=f5ctzq2h].
2026-03-25T01:58:04.595+05:30  INFO 8848 --- [backend] [nio-8080-exec-7] o.s.w.s.m.SubProtocolWebSocketHandler    : No messages received after 287807 ms. Closing WebSocketServerSockJsSession[id=vdbmjd2f].
2026-03-25T01:58:04.600+05:30  INFO 8848 --- [backend] [nio-8080-exec-7] o.s.w.s.m.SubProtocolWebSocketHandler    : No messages received after 300888 ms. Closing WebSocketServerSockJsSession[id=gzbvjfg3].
2026-03-25T01:58:04.604+05:30  INFO 8848 --- [backend] [nio-8080-exec-7] o.s.w.s.m.SubProtocolWebSocketHandler    : No messages received after 315323 ms. Closing WebSocketServerSockJsSession[id=d5kj53nb].
2026-03-25T01:58:04.606+05:30  INFO 8848 --- [backend] [nio-8080-exec-7] o.s.w.s.m.SubProtocolWebSocketHandler    : No messages received after 265528 ms. Closing WebSocketServerSockJsSession[id=c5smhe1n].
2026-03-25T01:58:04.613+05:30  INFO 8848 --- [backend] [nio-8080-exec-7] o.s.w.s.m.SubProtocolWebSocketHandler    : No messages received after 320291 ms. Closing WebSocketServerSockJsSession[id=lioflmbh].
2026-03-25T01:58:04.613+05:30  INFO 8848 --- [backend] [nio-8080-exec-7] o.s.w.s.m.SubProtocolWebSocketHandler    : No messages received after 256719 ms. Closing WebSocketServerSockJsSession[id=r3w1qsos].
2026-03-25T02:02:15.572+05:30  INFO 8848 --- [backend] [nio-8080-exec-8] o.s.w.s.m.SubProtocolWebSocketHandler    : No messages received after 214848 ms. Closing WebSocketServerSockJsSession[id=y2xyojpx].
2026-03-25T02:02:15.605+05:30  INFO 8848 --- [backend] [nio-8080-exec-8] o.s.w.s.m.SubProtocolWebSocketHandler    : No messages received after 212476 ms. Closing WebSocketServerSockJsSession[id=henng3mm].
2026-03-25T02:07:06.454+05:30  INFO 8848 --- [backend] [nio-8080-exec-8] o.s.w.s.m.SubProtocolWebSocketHandler    : No messages received after 290847 ms. Closing WebSocketServerSockJsSession[id=xd0fyejk].
